21:33:10.108 [main] INFO  testCases.TC001_AccountRegistrationTest - ****Starting TC001_AccountRegistrationTest*****
21:33:11.024 [main] INFO  testCases.TC001_AccountRegistrationTest - Clicked on MyAccount Link
21:33:12.867 [main] INFO  testCases.TC001_AccountRegistrationTest - Clicked on Register Link
21:33:12.871 [main] INFO  testCases.TC001_AccountRegistrationTest - Providing Customer Details....
21:33:15.710 [main] INFO  testCases.TC001_AccountRegistrationTest - Validating expected message....
21:33:15.789 [main] ERROR testCases.TC001_AccountRegistrationTest - Test Failed...
21:48:18.957 [main] INFO  testCases.TC001_AccountRegistrationTest - ****Starting TC001_AccountRegistrationTest*****
21:48:19.171 [main] INFO  testCases.TC001_AccountRegistrationTest - Clicked on MyAccount Link
21:48:21.258 [main] INFO  testCases.TC001_AccountRegistrationTest - Clicked on Register Link
21:48:21.261 [main] INFO  testCases.TC001_AccountRegistrationTest - Providing Customer Details....
21:48:24.749 [main] INFO  testCases.TC001_AccountRegistrationTest - Validating expected message....
21:48:24.819 [main] INFO  testCases.TC001_AccountRegistrationTest - ****Finished TC001_AccountRegistrationTest*****
22:12:38.591 [main] INFO  testCases.TC001_AccountRegistrationTest - ****Starting TC001_AccountRegistrationTest*****
22:12:39.659 [main] INFO  testCases.TC001_AccountRegistrationTest - Clicked on MyAccount Link
22:12:41.051 [main] INFO  testCases.TC001_AccountRegistrationTest - Clicked on Register Link
22:12:41.056 [main] INFO  testCases.TC001_AccountRegistrationTest - Providing Customer Details....
22:12:45.228 [main] INFO  testCases.TC001_AccountRegistrationTest - Validating expected message....
22:12:45.352 [main] INFO  testCases.TC001_AccountRegistrationTest - ****Finished TC001_AccountRegistrationTest*****
22:18:27.812 [main] INFO  testCases.TC001_AccountRegistrationTest - ****Starting TC001_AccountRegistrationTest*****
22:18:28.760 [main] INFO  testCases.TC001_AccountRegistrationTest - Clicked on MyAccount Link
22:18:30.503 [main] INFO  testCases.TC001_AccountRegistrationTest - Clicked on Register Link
22:18:30.505 [main] INFO  testCases.TC001_AccountRegistrationTest - Providing Customer Details....
22:18:34.205 [main] INFO  testCases.TC001_AccountRegistrationTest - Validating expected message....
22:18:34.356 [main] INFO  testCases.TC001_AccountRegistrationTest - ****Finished TC001_AccountRegistrationTest*****
22:18:47.178 [main] INFO  testCases.TC001_AccountRegistrationTest - ****Starting TC001_AccountRegistrationTest*****
22:18:47.286 [main] INFO  testCases.TC001_AccountRegistrationTest - Clicked on MyAccount Link
22:18:48.216 [main] INFO  testCases.TC001_AccountRegistrationTest - Clicked on Register Link
22:18:48.219 [main] INFO  testCases.TC001_AccountRegistrationTest - Providing Customer Details....
22:18:51.305 [main] INFO  testCases.TC001_AccountRegistrationTest - Validating expected message....
22:18:51.436 [main] INFO  testCases.TC001_AccountRegistrationTest - ****Finished TC001_AccountRegistrationTest*****
22:19:06.153 [main] INFO  testCases.TC001_AccountRegistrationTest - ****Starting TC001_AccountRegistrationTest*****
22:19:06.467 [main] INFO  testCases.TC001_AccountRegistrationTest - Clicked on MyAccount Link
22:19:07.723 [main] INFO  testCases.TC001_AccountRegistrationTest - Clicked on Register Link
22:19:07.724 [main] INFO  testCases.TC001_AccountRegistrationTest - Providing Customer Details....
22:19:09.841 [main] INFO  testCases.TC001_AccountRegistrationTest - Validating expected message....
22:19:09.875 [main] INFO  testCases.TC001_AccountRegistrationTest - ****Finished TC001_AccountRegistrationTest*****
22:21:58.778 [TestNG-tests-2] INFO  testCases.TC001_AccountRegistrationTest - ****Starting TC001_AccountRegistrationTest*****
22:21:59.179 [TestNG-tests-2] INFO  testCases.TC001_AccountRegistrationTest - Clicked on MyAccount Link
22:21:59.238 [TestNG-tests-1] INFO  testCases.TC001_AccountRegistrationTest - ****Starting TC001_AccountRegistrationTest*****
22:21:59.691 [TestNG-tests-1] INFO  testCases.TC001_AccountRegistrationTest - Clicked on MyAccount Link
22:22:00.079 [TestNG-tests-2] INFO  testCases.TC001_AccountRegistrationTest - Clicked on Register Link
22:22:00.081 [TestNG-tests-2] INFO  testCases.TC001_AccountRegistrationTest - Providing Customer Details....
22:22:00.565 [TestNG-tests-1] INFO  testCases.TC001_AccountRegistrationTest - Clicked on Register Link
22:22:00.568 [TestNG-tests-1] INFO  testCases.TC001_AccountRegistrationTest - Providing Customer Details....
22:22:02.245 [TestNG-tests-3] INFO  testCases.TC001_AccountRegistrationTest - ****Starting TC001_AccountRegistrationTest*****
22:22:02.334 [TestNG-tests-2] INFO  testCases.TC001_AccountRegistrationTest - Validating expected message....
22:22:02.388 [TestNG-tests-2] INFO  testCases.TC001_AccountRegistrationTest - ****Finished TC001_AccountRegistrationTest*****
22:22:02.535 [TestNG-tests-3] INFO  testCases.TC001_AccountRegistrationTest - Clicked on MyAccount Link
